Running simulation: simulations/treasury-rebasing.simulation

============ SETUP ============

Deploying all contracts. This takes a moment...
...All contracts deployed
Initiating owner switch...
...Owner switch completed
Setting ReserveToken's mintBurner allowance to Reserve
Setting up the Oracle providers
Minting first GeoNFT

========== ADDRESSES ==========

Monetray Contracts
  Reserve       : 0xa51c1fc2f0d1a1b8494ed1fe312d7c3a78ed91c0
  Treasury      : 0x2279b7a0a67db372996a5fab50d91eaa73d2ebe6

Oracle Contracts
  ReserveToken  : 0x5fbdb2315678afecb367f032d93f642f64180aa3
  Treasury      : 0x610178da211fef7d417bc0e6fed39f05609ad788
  ERC20         : 0x9a676e781a523b5d0c0e43731313a708cb607508
  GeoNFT1       : 0xdc64a140aa3e981100a9beca4e685f962f0cf6c9

Token Contracts
  ReserveToken  : 0x9fe46736679d2d9a65f0992f2272de9f3c7fa6e0
  ERC20         : 0x959922be3caee4b8cd9a407cc3ac1c251c2007b1
  GeoNFT ID 1   : 0x0165878a594ca255338adfa4d48449f69242eb8f

User
  Owner         : 0x70997970C51812dc3A010C7d01b50e0d17dc79C8

========== SIMULATION =========

Oracle: Setting price of asset
=> Oracle: 0x9a676e781a523b5d0c0e43731313a708cb607508
=> Price : 2000000000000000000

ERC20: Minting tokens
=> Receiver: 0x70997970C51812dc3A010C7d01b50e0d17dc79C8
=> Amount  : 1000000000000000000000

ERC20: BalanceOf
=> Owner : 0x70997970C51812dc3A010C7d01b50e0d17dc79C8
=> Amount: 1000000000000000000000

ERC20: Approving tokens
=> Owner  : 0x70997970C51812dc3A010C7d01b50e0d17dc79C8
=> Spender: 0x2279b7a0a67db372996a5fab50d91eaa73d2ebe6
=> Amount : 1000000000000000000000

Treasury: Registering and listing asset
=> Asset : 0x959922be3caee4b8cd9a407cc3ac1c251c2007b1

Treasury: Bonding assets
=> Bonder: 0x70997970C51812dc3A010C7d01b50e0d17dc79C8
=> Asset : 0x959922be3caee4b8cd9a407cc3ac1c251c2007b1
=> Amount: 1000000000000000000000
   => [EVENT] Treasury token rebased:
              => new Supply: 2000000000000000000000

ERC20: BalanceOf
=> Owner : 0x70997970C51812dc3A010C7d01b50e0d17dc79C8
=> Amount: 0

Treasury: BalanceOf
=> Owner : 0x70997970C51812dc3A010C7d01b50e0d17dc79C8
=> Amount: 2000000000000000000000

Oracle: Setting price of asset
=> Oracle: 0x9a676e781a523b5d0c0e43731313a708cb607508
=> Price : 1000000000000000000

Treasury: Rebasing manually
   => [EVENT] Treasury token rebased:
              => new Supply: 1000000000000000000000

Treasury: BalanceOf
=> Owner : 0x70997970C51812dc3A010C7d01b50e0d17dc79C8
=> Amount: 1000000000000000000000

Oracle: Setting price of asset
=> Oracle: 0x9a676e781a523b5d0c0e43731313a708cb607508
=> Price : 3000000000000000000

Treasury: Rebasing manually
   => [EVENT] Treasury token rebased:
              => new Supply: 3000000000000000000000

Treasury: BalanceOf
=> Owner : 0x70997970C51812dc3A010C7d01b50e0d17dc79C8
=> Amount: 3000000000000000000000

Oracle: Setting price of asset
=> Oracle: 0x9a676e781a523b5d0c0e43731313a708cb607508
=> Price : 2000000000000000000

Treasury: Rebasing manually
   => [EVENT] Treasury token rebased:
              => new Supply: 2000000000000000000000

Treasury: BalanceOf
=> Owner : 0x70997970C51812dc3A010C7d01b50e0d17dc79C8
=> Amount: 2000000000000000000000

===============================
